c:\users\2230090\source\repos\project 1\build\x64\debug\engine.pdb
c:\users\2230090\source\repos\project 1\build\x64\debug\engine.idb
c:\users\2230090\source\repos\project 1\build\x64\debug\engine.obj
c:\users\2230090\source\repos\project 1\build\x64\debug\engine.lib
c:\users\2230090\source\repos\project 1\build\x64\debug\resources.res
c:\users\2230090\source\repos\project 1\build\x64\debug\main.obj
c:\users\2230090\source\repos\project 1\build\x64\debug\solomons-key.ilk
c:\users\2230090\source\repos\project 1\build\x64\debug\vc143.idb
c:\users\2230090\source\repos\project 1\build\x64\debug\solomons-key.pdb
c:\users\2230090\source\repos\project 1\build\x64\debug\vc143.pdb
c:\users\2230090\source\repos\project 1\build\x64\debug\engine.tlog\cl.command.1.tlog
c:\users\2230090\source\repos\project 1\build\x64\debug\engine.tlog\cl.items.tlog
c:\users\2230090\source\repos\project 1\build\x64\debug\engine.tlog\cl.read.1.tlog
c:\users\2230090\source\repos\project 1\build\x64\debug\engine.tlog\cl.write.1.tlog
c:\users\2230090\source\repos\project 1\build\x64\debug\engine.tlog\lib-link-cvtres.read.1.tlog
c:\users\2230090\source\repos\project 1\build\x64\debug\engine.tlog\lib-link-cvtres.write.1.tlog
c:\users\2230090\source\repos\project 1\build\x64\debug\engine.tlog\lib.command.1.tlog
c:\users\2230090\source\repos\project 1\build\x64\debug\engine.tlog\rc.command.1.tlog
c:\users\2230090\source\repos\project 1\build\x64\debug\engine.tlog\rc.read.1.tlog
c:\users\2230090\source\repos\project 1\build\x64\debug\engine.tlog\rc.write.1.tlog
