c:\users\2230090\source\repos\project 1\build\x64\debug\vc143.pdb
c:\users\2230090\source\repos\project 1\build\x64\debug\vc143.idb
c:\users\2230090\source\repos\project 1\build\x64\debug\main.obj
c:\users\2230090\source\repos\project 1\build\x64\debug\solomons-key.exe
c:\users\2230090\source\repos\project 1\build\x64\debug\solomons-key.ilk
c:\users\2230090\source\repos\project 1\build\x64\debug\solomons-key.pdb
c:\users\2230090\source\repos\project 1\build\x64\debug\resources.res
c:\users\2230090\source\repos\project 1\build\x64\debug\engine.obj
c:\users\2230090\source\repos\project 1\build\x64\debug\engine.idb
c:\users\2230090\source\repos\project 1\build\x64\debug\engine.pdb
c:\users\2230090\source\repos\project 1\build\x64\debug\solomons-key.tlog\cl.command.1.tlog
c:\users\2230090\source\repos\project 1\build\x64\debug\solomons-key.tlog\cl.items.tlog
c:\users\2230090\source\repos\project 1\build\x64\debug\solomons-key.tlog\cl.read.1.tlog
c:\users\2230090\source\repos\project 1\build\x64\debug\solomons-key.tlog\cl.write.1.tlog
c:\users\2230090\source\repos\project 1\build\x64\debug\solomons-key.tlog\link.command.1.tlog
c:\users\2230090\source\repos\project 1\build\x64\debug\solomons-key.tlog\link.read.1.tlog
c:\users\2230090\source\repos\project 1\build\x64\debug\solomons-key.tlog\link.write.1.tlog
c:\users\2230090\source\repos\project 1\build\x64\debug\solomons-key.tlog\rc.command.1.tlog
c:\users\2230090\source\repos\project 1\build\x64\debug\solomons-key.tlog\rc.read.1.tlog
c:\users\2230090\source\repos\project 1\build\x64\debug\solomons-key.tlog\rc.write.1.tlog
